2025-12-24 23:40:18,004 - __main__ - INFO - Khởi động ứng dụng...
2025-12-24 23:40:18,033 - ui.controllers.header_controllers - DEBUG - HeaderController đã bind signal
2025-12-24 23:40:18,033 - ui.controllers.header_controllers - INFO - Chuyển tab header: khai_bao
2025-12-24 23:40:18,033 - ui.controllers.header_controllers - DEBUG - Số nút ribbon: 7
2025-12-24 23:40:18,425 - __main__ - INFO - Ứng dụng đã sẵn sàng.
2025-12-24 23:40:19,720 - ui.controllers.header_controllers - INFO - Chuyển tab header: cong_cu
2025-12-24 23:40:19,720 - ui.controllers.header_controllers - DEBUG - Số nút ribbon: 4
2025-12-24 23:40:20,888 - ui.main_window - INFO - Header action clicked: Cài đặt
2025-12-24 23:40:20,888 - ui.dialog.settings_dialog - INFO - Open SettingsDialog
2025-12-24 23:40:21,904 - ui.dialog.employee_table_settings_dialog - INFO - Open EmployeeTableSettingsDialog
2025-12-24 23:40:25,488 - ui.dialog.shift_attendance_settings_dialog - INFO - Open ShiftAttendanceSettingsDialog
2025-12-24 23:40:34,600 - ui.dialog.employee_table_settings_dialog - INFO - Open EmployeeTableSettingsDialog
2025-12-24 23:40:37,056 - ui.dialog.download_attendance_settings_dialog - INFO - Open DownloadAttendanceSettingsDialog
2025-12-24 23:40:39,592 - ui.dialog.shift_attendance_settings_dialog - INFO - Open ShiftAttendanceSettingsDialog
2025-12-24 23:40:40,999 - ui.dialog.employee_table_settings_dialog - INFO - Open EmployeeTableSettingsDialog
2025-12-24 23:40:44,089 - ui.dialog.employee_table_settings_dialog - INFO - Open EmployeeTableSettingsDialog
2025-12-24 23:40:48,800 - ui.dialog.shift_attendance_settings_dialog - INFO - Open ShiftAttendanceSettingsDialog
2025-12-24 23:40:50,552 - ui.dialog.employee_table_settings_dialog - INFO - Open EmployeeTableSettingsDialog
2025-12-24 23:40:55,064 - ui.dialog.download_attendance_settings_dialog - INFO - Open DownloadAttendanceSettingsDialog
2025-12-24 23:40:59,568 - ui.controllers.header_controllers - INFO - Chuyển tab header: cham_cong
2025-12-24 23:40:59,568 - ui.controllers.header_controllers - DEBUG - Số nút ribbon: 5
2025-12-24 23:41:00,408 - ui.controllers.header_controllers - INFO - Chuyển tab header: ket_noi
2025-12-24 23:41:00,408 - ui.controllers.header_controllers - DEBUG - Số nút ribbon: 4
2025-12-24 23:41:01,288 - ui.controllers.header_controllers - INFO - Chuyển tab header: khai_bao
2025-12-24 23:41:01,288 - ui.controllers.header_controllers - DEBUG - Số nút ribbon: 7
2025-12-24 23:41:02,113 - ui.main_window - INFO - Header action clicked: Khai báo
Chức danh
2025-12-24 23:41:02,138 - mysql.connector - DEBUG - Starting authorization phase
2025-12-24 23:41:02,138 - mysql.connector - DEBUG - The provided initial strategy is mysql_native_password
2025-12-24 23:41:02,138 - mysql.connector - INFO - package: mysql.connector.plugins
2025-12-24 23:41:02,138 - mysql.connector - INFO - plugin_name: mysql_native_password
2025-12-24 23:41:02,141 - mysql.connector - INFO - AUTHENTICATION_PLUGIN_CLASS: MySQLNativePasswordAuthPlugin
2025-12-24 23:41:02,141 - mysql.connector - DEBUG - mysql_native_password completed succesfully
2025-12-24 23:41:02,142 - core.database - INFO - ✅ Kết nối MySQL thành công
2025-12-24 23:41:02,152 - mysql.connector - DEBUG - Starting authorization phase
2025-12-24 23:41:02,152 - mysql.connector - DEBUG - The provided initial strategy is mysql_native_password
2025-12-24 23:41:02,152 - mysql.connector - DEBUG - mysql_native_password completed succesfully
2025-12-24 23:41:02,152 - core.database - INFO - ✅ Kết nối MySQL thành công
2025-12-24 23:41:04,328 - ui.main_window - INFO - Header action clicked: Khai báo
Chức danh
2025-12-24 23:41:04,339 - mysql.connector - DEBUG - Starting authorization phase
2025-12-24 23:41:04,339 - mysql.connector - DEBUG - The provided initial strategy is mysql_native_password
2025-12-24 23:41:04,339 - mysql.connector - DEBUG - mysql_native_password completed succesfully
2025-12-24 23:41:04,339 - core.database - INFO - ✅ Kết nối MySQL thành công
2025-12-24 23:41:04,704 - ui.main_window - INFO - Header action clicked: Khai báo
Phòng ban
2025-12-24 23:41:04,713 - mysql.connector - DEBUG - Starting authorization phase
2025-12-24 23:41:04,713 - mysql.connector - DEBUG - The provided initial strategy is mysql_native_password
2025-12-24 23:41:04,713 - mysql.connector - DEBUG - mysql_native_password completed succesfully
2025-12-24 23:41:04,715 - core.database - INFO - ✅ Kết nối MySQL thành công
2025-12-24 23:41:04,716 - mysql.connector - DEBUG - Starting authorization phase
2025-12-24 23:41:04,716 - mysql.connector - DEBUG - The provided initial strategy is mysql_native_password
2025-12-24 23:41:04,717 - mysql.connector - DEBUG - mysql_native_password completed succesfully
2025-12-24 23:41:04,717 - core.database - INFO - ✅ Kết nối MySQL thành công
2025-12-24 23:41:05,632 - ui.main_window - INFO - Header action clicked: Khai báo
Ngày lễ
2025-12-24 23:41:05,642 - mysql.connector - DEBUG - Starting authorization phase
2025-12-24 23:41:05,642 - mysql.connector - DEBUG - The provided initial strategy is mysql_native_password
2025-12-24 23:41:05,643 - mysql.connector - DEBUG - mysql_native_password completed succesfully
2025-12-24 23:41:05,643 - core.database - INFO - ✅ Kết nối MySQL thành công
2025-12-24 23:41:07,049 - ui.main_window - INFO - Header action clicked: Thông tin
Nhân viên
2025-12-24 23:41:07,084 - mysql.connector - DEBUG - Starting authorization phase
2025-12-24 23:41:07,084 - mysql.connector - DEBUG - The provided initial strategy is mysql_native_password
2025-12-24 23:41:07,084 - mysql.connector - DEBUG - mysql_native_password completed succesfully
2025-12-24 23:41:07,084 - core.database - INFO - ✅ Kết nối MySQL thành công
2025-12-24 23:41:07,086 - mysql.connector - DEBUG - Starting authorization phase
2025-12-24 23:41:07,086 - mysql.connector - DEBUG - The provided initial strategy is mysql_native_password
2025-12-24 23:41:07,086 - mysql.connector - DEBUG - mysql_native_password completed succesfully
2025-12-24 23:41:07,087 - core.database - INFO - ✅ Kết nối MySQL thành công
2025-12-24 23:41:07,089 - mysql.connector - DEBUG - Starting authorization phase
2025-12-24 23:41:07,089 - mysql.connector - DEBUG - The provided initial strategy is mysql_native_password
2025-12-24 23:41:07,089 - mysql.connector - DEBUG - mysql_native_password completed succesfully
2025-12-24 23:41:07,091 - core.database - INFO - ✅ Kết nối MySQL thành công
2025-12-24 23:41:07,104 - mysql.connector - DEBUG - Starting authorization phase
2025-12-24 23:41:07,104 - mysql.connector - DEBUG - The provided initial strategy is mysql_native_password
2025-12-24 23:41:07,104 - mysql.connector - DEBUG - mysql_native_password completed succesfully
2025-12-24 23:41:07,104 - core.database - INFO - ✅ Kết nối MySQL thành công
2025-12-24 23:41:07,113 - mysql.connector - DEBUG - Starting authorization phase
2025-12-24 23:41:07,113 - mysql.connector - DEBUG - The provided initial strategy is mysql_native_password
2025-12-24 23:41:07,113 - mysql.connector - DEBUG - mysql_native_password completed succesfully
2025-12-24 23:41:07,114 - core.database - INFO - ✅ Kết nối MySQL thành công
2025-12-24 23:41:11,872 - ui.controllers.header_controllers - INFO - Chuyển tab header: cong_cu
2025-12-24 23:41:11,872 - ui.controllers.header_controllers - DEBUG - Số nút ribbon: 4
2025-12-24 23:41:13,009 - ui.main_window - INFO - Header action clicked: Cài đặt
2025-12-24 23:41:13,009 - ui.dialog.settings_dialog - INFO - Open SettingsDialog
2025-12-24 23:41:22,200 - ui.dialog.employee_table_settings_dialog - INFO - Open EmployeeTableSettingsDialog
2025-12-24 23:41:30,881 - ui.dialog.employee_table_settings_dialog - INFO - Open EmployeeTableSettingsDialog
2025-12-24 23:41:58,088 - ui.controllers.header_controllers - INFO - Chuyển tab header: cham_cong
2025-12-24 23:41:58,088 - ui.controllers.header_controllers - DEBUG - Số nút ribbon: 5
2025-12-24 23:41:59,000 - ui.controllers.header_controllers - INFO - Chuyển tab header: cong_cu
2025-12-24 23:41:59,000 - ui.controllers.header_controllers - DEBUG - Số nút ribbon: 4
2025-12-24 23:41:59,736 - ui.controllers.header_controllers - INFO - Chuyển tab header: ket_noi
2025-12-24 23:41:59,737 - ui.controllers.header_controllers - DEBUG - Số nút ribbon: 4
2025-12-24 23:42:00,568 - ui.controllers.header_controllers - INFO - Chuyển tab header: cham_cong
2025-12-24 23:42:00,568 - ui.controllers.header_controllers - DEBUG - Số nút ribbon: 5
2025-12-24 23:42:00,952 - ui.main_window - INFO - Header action clicked: Chấm công
Theo ca
2025-12-24 23:42:01,002 - mysql.connector - DEBUG - Starting authorization phase
2025-12-24 23:42:01,002 - mysql.connector - DEBUG - The provided initial strategy is mysql_native_password
2025-12-24 23:42:01,003 - mysql.connector - DEBUG - mysql_native_password completed succesfully
2025-12-24 23:42:01,003 - core.database - INFO - ✅ Kết nối MySQL thành công
2025-12-24 23:42:01,004 - mysql.connector - DEBUG - Starting authorization phase
2025-12-24 23:42:01,004 - mysql.connector - DEBUG - The provided initial strategy is mysql_native_password
2025-12-24 23:42:01,004 - mysql.connector - DEBUG - mysql_native_password completed succesfully
2025-12-24 23:42:01,005 - core.database - INFO - ✅ Kết nối MySQL thành công
2025-12-24 23:42:01,006 - mysql.connector - DEBUG - Starting authorization phase
2025-12-24 23:42:01,006 - mysql.connector - DEBUG - The provided initial strategy is mysql_native_password
2025-12-24 23:42:01,006 - mysql.connector - DEBUG - mysql_native_password completed succesfully
2025-12-24 23:42:01,007 - core.database - INFO - ✅ Kết nối MySQL thành công
2025-12-24 23:42:01,017 - mysql.connector - DEBUG - Starting authorization phase
2025-12-24 23:42:01,017 - mysql.connector - DEBUG - The provided initial strategy is mysql_native_password
2025-12-24 23:42:01,017 - mysql.connector - DEBUG - mysql_native_password completed succesfully
2025-12-24 23:42:01,017 - core.database - INFO - ✅ Kết nối MySQL thành công
2025-12-24 23:42:01,020 - mysql.connector - DEBUG - Starting authorization phase
2025-12-24 23:42:01,021 - mysql.connector - DEBUG - The provided initial strategy is mysql_native_password
2025-12-24 23:42:01,021 - mysql.connector - DEBUG - mysql_native_password completed succesfully
2025-12-24 23:42:01,021 - core.database - INFO - ✅ Kết nối MySQL thành công
2025-12-24 23:42:01,048 - mysql.connector - DEBUG - Starting authorization phase
2025-12-24 23:42:01,048 - mysql.connector - DEBUG - The provided initial strategy is mysql_native_password
2025-12-24 23:42:01,048 - mysql.connector - DEBUG - mysql_native_password completed succesfully
2025-12-24 23:42:01,048 - core.database - INFO - ✅ Kết nối MySQL thành công
2025-12-24 23:42:03,032 - ui.controllers.header_controllers - INFO - Chuyển tab header: cong_cu
2025-12-24 23:42:03,032 - ui.controllers.header_controllers - DEBUG - Số nút ribbon: 4
2025-12-24 23:42:04,400 - ui.main_window - INFO - Header action clicked: Cài đặt
2025-12-24 23:42:04,400 - ui.dialog.settings_dialog - INFO - Open SettingsDialog
2025-12-24 23:42:09,320 - ui.dialog.shift_attendance_settings_dialog - INFO - Open ShiftAttendanceSettingsDialog
2025-12-24 23:42:30,255 - ui.controllers.header_controllers - INFO - Chuyển tab header: cham_cong
2025-12-24 23:42:30,257 - ui.controllers.header_controllers - DEBUG - Số nút ribbon: 5
2025-12-24 23:42:31,176 - ui.controllers.header_controllers - INFO - Chuyển tab header: cong_cu
2025-12-24 23:42:31,176 - ui.controllers.header_controllers - DEBUG - Số nút ribbon: 4
2025-12-24 23:42:31,648 - ui.main_window - INFO - Header action clicked: Cài đặt
2025-12-24 23:42:31,700 - ui.dialog.settings_dialog - INFO - Open SettingsDialog
2025-12-24 23:42:32,920 - ui.dialog.employee_table_settings_dialog - INFO - Open EmployeeTableSettingsDialog
2025-12-24 23:42:37,841 - ui.dialog.shift_attendance_settings_dialog - INFO - Open ShiftAttendanceSettingsDialog
2025-12-24 23:42:40,928 - ui.dialog.employee_table_settings_dialog - INFO - Open EmployeeTableSettingsDialog
2025-12-24 23:42:46,096 - ui.dialog.schedule_work_settings - INFO - Open ScheduleWorkSettingsDialog
2025-12-24 23:42:51,041 - ui.dialog.download_attendance_settings_dialog - INFO - Open DownloadAttendanceSettingsDialog
2025-12-24 23:43:01,528 - ui.dialog.shift_attendance_settings_dialog - INFO - Open ShiftAttendanceSettingsDialog
2025-12-24 23:43:04,017 - ui.dialog.employee_table_settings_dialog - INFO - Open EmployeeTableSettingsDialog
2025-12-24 23:43:08,656 - ui.controllers.header_controllers - INFO - Chuyển tab header: ket_noi
2025-12-24 23:43:08,656 - ui.controllers.header_controllers - DEBUG - Số nút ribbon: 4
2025-12-24 23:43:09,016 - ui.controllers.header_controllers - INFO - Chuyển tab header: khai_bao
2025-12-24 23:43:09,016 - ui.controllers.header_controllers - DEBUG - Số nút ribbon: 7
2025-12-24 23:43:09,456 - ui.main_window - INFO - Header action clicked: Khai báo
Chức danh
2025-12-24 23:43:09,466 - mysql.connector - DEBUG - Starting authorization phase
2025-12-24 23:43:09,467 - mysql.connector - DEBUG - The provided initial strategy is mysql_native_password
2025-12-24 23:43:09,467 - mysql.connector - DEBUG - mysql_native_password completed succesfully
2025-12-24 23:43:09,467 - core.database - INFO - ✅ Kết nối MySQL thành công
2025-12-24 23:43:10,072 - ui.main_window - INFO - Header action clicked: Khai báo
Phòng ban
2025-12-24 23:43:10,081 - mysql.connector - DEBUG - Starting authorization phase
2025-12-24 23:43:10,081 - mysql.connector - DEBUG - The provided initial strategy is mysql_native_password
2025-12-24 23:43:10,081 - mysql.connector - DEBUG - mysql_native_password completed succesfully
2025-12-24 23:43:10,082 - core.database - INFO - ✅ Kết nối MySQL thành công
2025-12-24 23:43:10,083 - mysql.connector - DEBUG - Starting authorization phase
2025-12-24 23:43:10,083 - mysql.connector - DEBUG - The provided initial strategy is mysql_native_password
2025-12-24 23:43:10,083 - mysql.connector - DEBUG - mysql_native_password completed succesfully
2025-12-24 23:43:10,084 - core.database - INFO - ✅ Kết nối MySQL thành công
2025-12-24 23:43:10,776 - ui.main_window - INFO - Header action clicked: Khai báo
Chức danh
2025-12-24 23:43:10,785 - mysql.connector - DEBUG - Starting authorization phase
2025-12-24 23:43:10,785 - mysql.connector - DEBUG - The provided initial strategy is mysql_native_password
2025-12-24 23:43:10,785 - mysql.connector - DEBUG - mysql_native_password completed succesfully
2025-12-24 23:43:10,785 - core.database - INFO - ✅ Kết nối MySQL thành công
2025-12-24 23:43:11,360 - ui.main_window - INFO - Header action clicked: Khai báo
Phòng ban
2025-12-24 23:43:11,369 - mysql.connector - DEBUG - Starting authorization phase
2025-12-24 23:43:11,369 - mysql.connector - DEBUG - The provided initial strategy is mysql_native_password
2025-12-24 23:43:11,369 - mysql.connector - DEBUG - mysql_native_password completed succesfully
2025-12-24 23:43:11,370 - core.database - INFO - ✅ Kết nối MySQL thành công
2025-12-24 23:43:11,371 - mysql.connector - DEBUG - Starting authorization phase
2025-12-24 23:43:11,371 - mysql.connector - DEBUG - The provided initial strategy is mysql_native_password
2025-12-24 23:43:11,371 - mysql.connector - DEBUG - mysql_native_password completed succesfully
2025-12-24 23:43:11,371 - core.database - INFO - ✅ Kết nối MySQL thành công
2025-12-24 23:43:11,896 - ui.main_window - INFO - Header action clicked: Khai báo
Ngày lễ
2025-12-24 23:43:11,905 - mysql.connector - DEBUG - Starting authorization phase
2025-12-24 23:43:11,905 - mysql.connector - DEBUG - The provided initial strategy is mysql_native_password
2025-12-24 23:43:11,906 - mysql.connector - DEBUG - mysql_native_password completed succesfully
2025-12-24 23:43:11,906 - core.database - INFO - ✅ Kết nối MySQL thành công
2025-12-24 23:43:14,808 - ui.main_window - INFO - Header action clicked: Thông tin
Nhân viên
2025-12-24 23:43:14,836 - mysql.connector - DEBUG - Starting authorization phase
2025-12-24 23:43:14,836 - mysql.connector - DEBUG - The provided initial strategy is mysql_native_password
2025-12-24 23:43:14,837 - mysql.connector - DEBUG - mysql_native_password completed succesfully
2025-12-24 23:43:14,837 - core.database - INFO - ✅ Kết nối MySQL thành công
2025-12-24 23:43:14,838 - mysql.connector - DEBUG - Starting authorization phase
2025-12-24 23:43:14,839 - mysql.connector - DEBUG - The provided initial strategy is mysql_native_password
2025-12-24 23:43:14,839 - mysql.connector - DEBUG - mysql_native_password completed succesfully
2025-12-24 23:43:14,839 - core.database - INFO - ✅ Kết nối MySQL thành công
2025-12-24 23:43:14,841 - mysql.connector - DEBUG - Starting authorization phase
2025-12-24 23:43:14,841 - mysql.connector - DEBUG - The provided initial strategy is mysql_native_password
2025-12-24 23:43:14,841 - mysql.connector - DEBUG - mysql_native_password completed succesfully
2025-12-24 23:43:14,841 - core.database - INFO - ✅ Kết nối MySQL thành công
2025-12-24 23:43:14,851 - mysql.connector - DEBUG - Starting authorization phase
2025-12-24 23:43:14,851 - mysql.connector - DEBUG - The provided initial strategy is mysql_native_password
2025-12-24 23:43:14,851 - mysql.connector - DEBUG - mysql_native_password completed succesfully
2025-12-24 23:43:14,852 - core.database - INFO - ✅ Kết nối MySQL thành công
2025-12-24 23:43:17,160 - ui.main_window - INFO - Header action clicked: Đổi
Mật khẩu
2025-12-24 23:43:18,945 - ui.controllers.header_controllers - INFO - Chuyển tab header: cham_cong
2025-12-24 23:43:18,945 - ui.controllers.header_controllers - DEBUG - Số nút ribbon: 5
2025-12-24 23:43:19,832 - ui.controllers.header_controllers - INFO - Chuyển tab header: ket_noi
2025-12-24 23:43:19,832 - ui.controllers.header_controllers - DEBUG - Số nút ribbon: 4
2025-12-24 23:43:20,201 - ui.main_window - INFO - Header action clicked: Tải dữ liệu
Máy chấm công
2025-12-24 23:43:20,225 - mysql.connector - DEBUG - Starting authorization phase
2025-12-24 23:43:20,225 - mysql.connector - DEBUG - The provided initial strategy is mysql_native_password
2025-12-24 23:43:20,225 - mysql.connector - DEBUG - mysql_native_password completed succesfully
2025-12-24 23:43:20,227 - core.database - INFO - ✅ Kết nối MySQL thành công
2025-12-24 23:43:20,240 - mysql.connector - DEBUG - Starting authorization phase
2025-12-24 23:43:20,240 - mysql.connector - DEBUG - The provided initial strategy is mysql_native_password
2025-12-24 23:43:20,240 - mysql.connector - DEBUG - mysql_native_password completed succesfully
2025-12-24 23:43:20,240 - core.database - INFO - ✅ Kết nối MySQL thành công
2025-12-24 23:43:20,242 - mysql.connector - DEBUG - Starting authorization phase
2025-12-24 23:43:20,242 - mysql.connector - DEBUG - The provided initial strategy is mysql_native_password
2025-12-24 23:43:20,242 - mysql.connector - DEBUG - mysql_native_password completed succesfully
2025-12-24 23:43:20,243 - core.database - INFO - ✅ Kết nối MySQL thành công
2025-12-24 23:43:20,993 - ui.main_window - INFO - Header action clicked: Thêm Máy 
chấm công
2025-12-24 23:43:21,005 - mysql.connector - DEBUG - Starting authorization phase
2025-12-24 23:43:21,005 - mysql.connector - DEBUG - The provided initial strategy is mysql_native_password
2025-12-24 23:43:21,006 - mysql.connector - DEBUG - mysql_native_password completed succesfully
2025-12-24 23:43:21,006 - core.database - INFO - ✅ Kết nối MySQL thành công
2025-12-24 23:43:21,648 - ui.main_window - INFO - Header action clicked: Tải dữ liệu
Máy chấm công
2025-12-24 23:43:21,674 - mysql.connector - DEBUG - Starting authorization phase
2025-12-24 23:43:21,674 - mysql.connector - DEBUG - The provided initial strategy is mysql_native_password
2025-12-24 23:43:21,674 - mysql.connector - DEBUG - mysql_native_password completed succesfully
2025-12-24 23:43:21,674 - core.database - INFO - ✅ Kết nối MySQL thành công
2025-12-24 23:43:21,676 - mysql.connector - DEBUG - Starting authorization phase
2025-12-24 23:43:21,676 - mysql.connector - DEBUG - The provided initial strategy is mysql_native_password
2025-12-24 23:43:21,676 - mysql.connector - DEBUG - mysql_native_password completed succesfully
2025-12-24 23:43:21,676 - core.database - INFO - ✅ Kết nối MySQL thành công
2025-12-24 23:43:26,009 - ui.main_window - INFO - Header action clicked: Tải dữ liệu
Máy chấm công
2025-12-24 23:43:26,035 - mysql.connector - DEBUG - Starting authorization phase
2025-12-24 23:43:26,035 - mysql.connector - DEBUG - The provided initial strategy is mysql_native_password
2025-12-24 23:43:26,035 - mysql.connector - DEBUG - mysql_native_password completed succesfully
2025-12-24 23:43:26,035 - core.database - INFO - ✅ Kết nối MySQL thành công
2025-12-24 23:43:26,037 - mysql.connector - DEBUG - Starting authorization phase
2025-12-24 23:43:26,037 - mysql.connector - DEBUG - The provided initial strategy is mysql_native_password
2025-12-24 23:43:26,037 - mysql.connector - DEBUG - mysql_native_password completed succesfully
2025-12-24 23:43:26,037 - core.database - INFO - ✅ Kết nối MySQL thành công
2025-12-24 23:43:26,888 - ui.main_window - INFO - Header action clicked: Thêm Máy 
chấm công
2025-12-24 23:43:26,902 - mysql.connector - DEBUG - Starting authorization phase
2025-12-24 23:43:26,902 - mysql.connector - DEBUG - The provided initial strategy is mysql_native_password
2025-12-24 23:43:26,902 - mysql.connector - DEBUG - mysql_native_password completed succesfully
2025-12-24 23:43:26,902 - core.database - INFO - ✅ Kết nối MySQL thành công
2025-12-24 23:43:27,625 - ui.main_window - INFO - Header action clicked: Tải dữ liệu
Máy chấm công
2025-12-24 23:43:27,649 - mysql.connector - DEBUG - Starting authorization phase
2025-12-24 23:43:27,649 - mysql.connector - DEBUG - The provided initial strategy is mysql_native_password
2025-12-24 23:43:27,649 - mysql.connector - DEBUG - mysql_native_password completed succesfully
2025-12-24 23:43:27,649 - core.database - INFO - ✅ Kết nối MySQL thành công
2025-12-24 23:43:27,652 - mysql.connector - DEBUG - Starting authorization phase
2025-12-24 23:43:27,652 - mysql.connector - DEBUG - The provided initial strategy is mysql_native_password
2025-12-24 23:43:27,652 - mysql.connector - DEBUG - mysql_native_password completed succesfully
2025-12-24 23:43:27,652 - core.database - INFO - ✅ Kết nối MySQL thành công
2025-12-24 23:43:28,457 - ui.controllers.header_controllers - INFO - Chuyển tab header: cham_cong
2025-12-24 23:43:28,457 - ui.controllers.header_controllers - DEBUG - Số nút ribbon: 5
2025-12-24 23:43:28,920 - ui.main_window - INFO - Header action clicked: khai báo lịch
Làm việc
2025-12-24 23:43:28,934 - mysql.connector - DEBUG - Starting authorization phase
2025-12-24 23:43:28,934 - mysql.connector - DEBUG - The provided initial strategy is mysql_native_password
2025-12-24 23:43:28,934 - mysql.connector - DEBUG - mysql_native_password completed succesfully
2025-12-24 23:43:28,935 - core.database - INFO - ✅ Kết nối MySQL thành công
2025-12-24 23:43:30,056 - ui.main_window - INFO - Header action clicked: Khai báo
Ca làm việc
2025-12-24 23:43:30,075 - mysql.connector - DEBUG - Starting authorization phase
2025-12-24 23:43:30,075 - mysql.connector - DEBUG - The provided initial strategy is mysql_native_password
2025-12-24 23:43:30,075 - mysql.connector - DEBUG - mysql_native_password completed succesfully
2025-12-24 23:43:30,076 - core.database - INFO - ✅ Kết nối MySQL thành công
2025-12-24 23:43:31,120 - ui.main_window - INFO - Header action clicked: khai báo lịch
Làm việc
2025-12-24 23:43:31,135 - mysql.connector - DEBUG - Starting authorization phase
2025-12-24 23:43:31,135 - mysql.connector - DEBUG - The provided initial strategy is mysql_native_password
2025-12-24 23:43:31,135 - mysql.connector - DEBUG - mysql_native_password completed succesfully
2025-12-24 23:43:31,135 - core.database - INFO - ✅ Kết nối MySQL thành công
2025-12-24 23:43:32,016 - ui.main_window - INFO - Header action clicked: Khai báo
Ca làm việc
2025-12-24 23:43:32,036 - mysql.connector - DEBUG - Starting authorization phase
2025-12-24 23:43:32,036 - mysql.connector - DEBUG - The provided initial strategy is mysql_native_password
2025-12-24 23:43:32,036 - mysql.connector - DEBUG - mysql_native_password completed succesfully
2025-12-24 23:43:32,036 - core.database - INFO - ✅ Kết nối MySQL thành công
2025-12-24 23:43:33,720 - ui.main_window - INFO - Header action clicked: khai báo lịch
Làm việc
2025-12-24 23:43:33,734 - mysql.connector - DEBUG - Starting authorization phase
2025-12-24 23:43:33,734 - mysql.connector - DEBUG - The provided initial strategy is mysql_native_password
2025-12-24 23:43:33,735 - mysql.connector - DEBUG - mysql_native_password completed succesfully
2025-12-24 23:43:33,735 - core.database - INFO - ✅ Kết nối MySQL thành công
2025-12-24 23:43:37,256 - ui.main_window - INFO - Header action clicked: Sắp xếp lịch
Làm việc
2025-12-24 23:43:37,298 - mysql.connector - DEBUG - Starting authorization phase
2025-12-24 23:43:37,298 - mysql.connector - DEBUG - The provided initial strategy is mysql_native_password
2025-12-24 23:43:37,298 - mysql.connector - DEBUG - mysql_native_password completed succesfully
2025-12-24 23:43:37,300 - core.database - INFO - ✅ Kết nối MySQL thành công
2025-12-24 23:43:37,301 - mysql.connector - DEBUG - Starting authorization phase
2025-12-24 23:43:37,301 - mysql.connector - DEBUG - The provided initial strategy is mysql_native_password
2025-12-24 23:43:37,302 - mysql.connector - DEBUG - mysql_native_password completed succesfully
2025-12-24 23:43:37,302 - core.database - INFO - ✅ Kết nối MySQL thành công
2025-12-24 23:43:37,304 - mysql.connector - DEBUG - Starting authorization phase
2025-12-24 23:43:37,304 - mysql.connector - DEBUG - The provided initial strategy is mysql_native_password
2025-12-24 23:43:37,304 - mysql.connector - DEBUG - mysql_native_password completed succesfully
2025-12-24 23:43:37,305 - core.database - INFO - ✅ Kết nối MySQL thành công
2025-12-24 23:43:37,306 - mysql.connector - DEBUG - Starting authorization phase
2025-12-24 23:43:37,306 - mysql.connector - DEBUG - The provided initial strategy is mysql_native_password
2025-12-24 23:43:37,306 - mysql.connector - DEBUG - mysql_native_password completed succesfully
2025-12-24 23:43:37,306 - core.database - INFO - ✅ Kết nối MySQL thành công
2025-12-24 23:43:37,309 - mysql.connector - DEBUG - Starting authorization phase
2025-12-24 23:43:37,309 - mysql.connector - DEBUG - The provided initial strategy is mysql_native_password
2025-12-24 23:43:37,309 - mysql.connector - DEBUG - mysql_native_password completed succesfully
2025-12-24 23:43:37,310 - core.database - INFO - ✅ Kết nối MySQL thành công
2025-12-24 23:43:37,331 - mysql.connector - DEBUG - Starting authorization phase
2025-12-24 23:43:37,331 - mysql.connector - DEBUG - The provided initial strategy is mysql_native_password
2025-12-24 23:43:37,331 - mysql.connector - DEBUG - mysql_native_password completed succesfully
2025-12-24 23:43:37,331 - core.database - INFO - ✅ Kết nối MySQL thành công
2025-12-24 23:43:37,334 - mysql.connector - DEBUG - Starting authorization phase
2025-12-24 23:43:37,334 - mysql.connector - DEBUG - The provided initial strategy is mysql_native_password
2025-12-24 23:43:37,334 - mysql.connector - DEBUG - mysql_native_password completed succesfully
2025-12-24 23:43:37,334 - core.database - INFO - ✅ Kết nối MySQL thành công
2025-12-24 23:43:38,024 - ui.main_window - INFO - Header action clicked: khai báo lịch
Làm việc
2025-12-24 23:43:38,038 - mysql.connector - DEBUG - Starting authorization phase
2025-12-24 23:43:38,038 - mysql.connector - DEBUG - The provided initial strategy is mysql_native_password
2025-12-24 23:43:38,038 - mysql.connector - DEBUG - mysql_native_password completed succesfully
2025-12-24 23:43:38,040 - core.database - INFO - ✅ Kết nối MySQL thành công
2025-12-24 23:43:38,305 - ui.main_window - INFO - Header action clicked: Khai báo
Ca làm việc
2025-12-24 23:43:38,324 - mysql.connector - DEBUG - Starting authorization phase
2025-12-24 23:43:38,324 - mysql.connector - DEBUG - The provided initial strategy is mysql_native_password
2025-12-24 23:43:38,324 - mysql.connector - DEBUG - mysql_native_password completed succesfully
2025-12-24 23:43:38,324 - core.database - INFO - ✅ Kết nối MySQL thành công
2025-12-24 23:43:39,210 - mysql.connector - DEBUG - Starting authorization phase
2025-12-24 23:43:39,210 - mysql.connector - DEBUG - The provided initial strategy is mysql_native_password
2025-12-24 23:43:39,210 - mysql.connector - DEBUG - mysql_native_password completed succesfully
2025-12-24 23:43:39,210 - core.database - INFO - ✅ Kết nối MySQL thành công
2025-12-24 23:43:59,714 - __main__ - INFO - Khởi động ứng dụng...
2025-12-24 23:43:59,743 - ui.controllers.header_controllers - DEBUG - HeaderController đã bind signal
2025-12-24 23:43:59,743 - ui.controllers.header_controllers - INFO - Chuyển tab header: khai_bao
2025-12-24 23:43:59,743 - ui.controllers.header_controllers - DEBUG - Số nút ribbon: 7
2025-12-24 23:44:00,123 - __main__ - INFO - Ứng dụng đã sẵn sàng.
2025-12-24 23:44:01,424 - ui.controllers.header_controllers - INFO - Chuyển tab header: cham_cong
2025-12-24 23:44:01,424 - ui.controllers.header_controllers - DEBUG - Số nút ribbon: 5
2025-12-24 23:44:02,281 - ui.main_window - INFO - Header action clicked: khai báo lịch
Làm việc
2025-12-24 23:44:02,497 - mysql.connector - DEBUG - Starting authorization phase
2025-12-24 23:44:02,497 - mysql.connector - DEBUG - The provided initial strategy is mysql_native_password
2025-12-24 23:44:02,497 - mysql.connector - INFO - package: mysql.connector.plugins
2025-12-24 23:44:02,497 - mysql.connector - INFO - plugin_name: mysql_native_password
2025-12-24 23:44:02,499 - mysql.connector - INFO - AUTHENTICATION_PLUGIN_CLASS: MySQLNativePasswordAuthPlugin
2025-12-24 23:44:02,499 - mysql.connector - DEBUG - mysql_native_password completed succesfully
2025-12-24 23:44:02,500 - core.database - INFO - ✅ Kết nối MySQL thành công
2025-12-24 23:44:02,721 - ui.main_window - INFO - Header action clicked: Sắp xếp lịch
Làm việc
2025-12-24 23:44:02,771 - mysql.connector - DEBUG - Starting authorization phase
2025-12-24 23:44:02,771 - mysql.connector - DEBUG - The provided initial strategy is mysql_native_password
2025-12-24 23:44:02,771 - mysql.connector - DEBUG - mysql_native_password completed succesfully
2025-12-24 23:44:02,771 - core.database - INFO - ✅ Kết nối MySQL thành công
2025-12-24 23:44:02,773 - mysql.connector - DEBUG - Starting authorization phase
2025-12-24 23:44:02,773 - mysql.connector - DEBUG - The provided initial strategy is mysql_native_password
2025-12-24 23:44:02,773 - mysql.connector - DEBUG - mysql_native_password completed succesfully
2025-12-24 23:44:02,774 - core.database - INFO - ✅ Kết nối MySQL thành công
2025-12-24 23:44:02,777 - mysql.connector - DEBUG - Starting authorization phase
2025-12-24 23:44:02,777 - mysql.connector - DEBUG - The provided initial strategy is mysql_native_password
2025-12-24 23:44:02,777 - mysql.connector - DEBUG - mysql_native_password completed succesfully
2025-12-24 23:44:02,778 - core.database - INFO - ✅ Kết nối MySQL thành công
2025-12-24 23:44:02,778 - mysql.connector - DEBUG - Starting authorization phase
2025-12-24 23:44:02,778 - mysql.connector - DEBUG - The provided initial strategy is mysql_native_password
2025-12-24 23:44:02,778 - mysql.connector - DEBUG - mysql_native_password completed succesfully
2025-12-24 23:44:02,779 - core.database - INFO - ✅ Kết nối MySQL thành công
2025-12-24 23:44:02,782 - mysql.connector - DEBUG - Starting authorization phase
2025-12-24 23:44:02,782 - mysql.connector - DEBUG - The provided initial strategy is mysql_native_password
2025-12-24 23:44:02,782 - mysql.connector - DEBUG - mysql_native_password completed succesfully
2025-12-24 23:44:02,782 - core.database - INFO - ✅ Kết nối MySQL thành công
2025-12-24 23:44:02,803 - mysql.connector - DEBUG - Starting authorization phase
2025-12-24 23:44:02,803 - mysql.connector - DEBUG - The provided initial strategy is mysql_native_password
2025-12-24 23:44:02,803 - mysql.connector - DEBUG - mysql_native_password completed succesfully
2025-12-24 23:44:02,804 - core.database - INFO - ✅ Kết nối MySQL thành công
2025-12-24 23:44:02,807 - mysql.connector - DEBUG - Starting authorization phase
2025-12-24 23:44:02,807 - mysql.connector - DEBUG - The provided initial strategy is mysql_native_password
2025-12-24 23:44:02,807 - mysql.connector - DEBUG - mysql_native_password completed succesfully
2025-12-24 23:44:02,808 - core.database - INFO - ✅ Kết nối MySQL thành công
2025-12-24 23:44:05,952 - ui.controllers.header_controllers - INFO - Chuyển tab header: cong_cu
2025-12-24 23:44:05,952 - ui.controllers.header_controllers - DEBUG - Số nút ribbon: 4
2025-12-24 23:44:06,824 - ui.main_window - INFO - Header action clicked: Cài đặt
2025-12-24 23:44:06,824 - ui.dialog.settings_dialog - INFO - Open SettingsDialog
2025-12-24 23:44:09,823 - ui.controllers.header_controllers - INFO - Chuyển tab header: ket_noi
2025-12-24 23:44:09,824 - ui.controllers.header_controllers - DEBUG - Số nút ribbon: 4
2025-12-24 23:44:10,657 - ui.controllers.header_controllers - INFO - Chuyển tab header: cham_cong
2025-12-24 23:44:10,657 - ui.controllers.header_controllers - DEBUG - Số nút ribbon: 5
2025-12-24 23:44:12,512 - ui.main_window - INFO - Header action clicked: khai báo lịch
Làm việc
2025-12-24 23:44:12,526 - mysql.connector - DEBUG - Starting authorization phase
2025-12-24 23:44:12,526 - mysql.connector - DEBUG - The provided initial strategy is mysql_native_password
2025-12-24 23:44:12,526 - mysql.connector - DEBUG - mysql_native_password completed succesfully
2025-12-24 23:44:12,526 - core.database - INFO - ✅ Kết nối MySQL thành công
2025-12-24 23:44:13,289 - ui.main_window - INFO - Header action clicked: Khai báo
Ca làm việc
2025-12-24 23:44:13,307 - mysql.connector - DEBUG - Starting authorization phase
2025-12-24 23:44:13,307 - mysql.connector - DEBUG - The provided initial strategy is mysql_native_password
2025-12-24 23:44:13,307 - mysql.connector - DEBUG - mysql_native_password completed succesfully
2025-12-24 23:44:13,308 - core.database - INFO - ✅ Kết nối MySQL thành công
2025-12-24 23:44:15,720 - ui.main_window - INFO - Header action clicked: khai báo lịch
Làm việc
2025-12-24 23:44:15,735 - mysql.connector - DEBUG - Starting authorization phase
2025-12-24 23:44:15,735 - mysql.connector - DEBUG - The provided initial strategy is mysql_native_password
2025-12-24 23:44:15,735 - mysql.connector - DEBUG - mysql_native_password completed succesfully
2025-12-24 23:44:15,735 - core.database - INFO - ✅ Kết nối MySQL thành công
2025-12-24 23:46:04,304 - ui.main_window - INFO - Header action clicked: khai báo lịch
Làm việc
2025-12-24 23:46:04,319 - mysql.connector - DEBUG - Starting authorization phase
2025-12-24 23:46:04,319 - mysql.connector - DEBUG - The provided initial strategy is mysql_native_password
2025-12-24 23:46:04,319 - mysql.connector - DEBUG - mysql_native_password completed succesfully
2025-12-24 23:46:04,319 - core.database - INFO - ✅ Kết nối MySQL thành công
2025-12-24 23:46:05,360 - ui.main_window - INFO - Header action clicked: Sắp xếp lịch
Làm việc
2025-12-24 23:46:05,403 - mysql.connector - DEBUG - Starting authorization phase
2025-12-24 23:46:05,403 - mysql.connector - DEBUG - The provided initial strategy is mysql_native_password
2025-12-24 23:46:05,403 - mysql.connector - DEBUG - mysql_native_password completed succesfully
2025-12-24 23:46:05,404 - core.database - INFO - ✅ Kết nối MySQL thành công
2025-12-24 23:46:05,405 - mysql.connector - DEBUG - Starting authorization phase
2025-12-24 23:46:05,405 - mysql.connector - DEBUG - The provided initial strategy is mysql_native_password
2025-12-24 23:46:05,405 - mysql.connector - DEBUG - mysql_native_password completed succesfully
2025-12-24 23:46:05,406 - core.database - INFO - ✅ Kết nối MySQL thành công
2025-12-24 23:46:05,409 - mysql.connector - DEBUG - Starting authorization phase
2025-12-24 23:46:05,409 - mysql.connector - DEBUG - The provided initial strategy is mysql_native_password
2025-12-24 23:46:05,409 - mysql.connector - DEBUG - mysql_native_password completed succesfully
2025-12-24 23:46:05,409 - core.database - INFO - ✅ Kết nối MySQL thành công
2025-12-24 23:46:05,410 - mysql.connector - DEBUG - Starting authorization phase
2025-12-24 23:46:05,410 - mysql.connector - DEBUG - The provided initial strategy is mysql_native_password
2025-12-24 23:46:05,411 - mysql.connector - DEBUG - mysql_native_password completed succesfully
2025-12-24 23:46:05,411 - core.database - INFO - ✅ Kết nối MySQL thành công
2025-12-24 23:46:05,414 - mysql.connector - DEBUG - Starting authorization phase
2025-12-24 23:46:05,414 - mysql.connector - DEBUG - The provided initial strategy is mysql_native_password
2025-12-24 23:46:05,414 - mysql.connector - DEBUG - mysql_native_password completed succesfully
2025-12-24 23:46:05,414 - core.database - INFO - ✅ Kết nối MySQL thành công
2025-12-24 23:46:05,436 - mysql.connector - DEBUG - Starting authorization phase
2025-12-24 23:46:05,436 - mysql.connector - DEBUG - The provided initial strategy is mysql_native_password
2025-12-24 23:46:05,436 - mysql.connector - DEBUG - mysql_native_password completed succesfully
2025-12-24 23:46:05,437 - core.database - INFO - ✅ Kết nối MySQL thành công
2025-12-24 23:46:05,440 - mysql.connector - DEBUG - Starting authorization phase
2025-12-24 23:46:05,440 - mysql.connector - DEBUG - The provided initial strategy is mysql_native_password
2025-12-24 23:46:05,440 - mysql.connector - DEBUG - mysql_native_password completed succesfully
2025-12-24 23:46:05,440 - core.database - INFO - ✅ Kết nối MySQL thành công
2025-12-24 23:46:05,704 - ui.main_window - INFO - Header action clicked: khai báo lịch
Làm việc
2025-12-24 23:46:05,717 - mysql.connector - DEBUG - Starting authorization phase
2025-12-24 23:46:05,717 - mysql.connector - DEBUG - The provided initial strategy is mysql_native_password
2025-12-24 23:46:05,717 - mysql.connector - DEBUG - mysql_native_password completed succesfully
2025-12-24 23:46:05,719 - core.database - INFO - ✅ Kết nối MySQL thành công
2025-12-24 23:46:09,264 - ui.main_window - INFO - Header action clicked: Sắp xếp lịch
Làm việc
2025-12-24 23:46:09,306 - mysql.connector - DEBUG - Starting authorization phase
2025-12-24 23:46:09,306 - mysql.connector - DEBUG - The provided initial strategy is mysql_native_password
2025-12-24 23:46:09,307 - mysql.connector - DEBUG - mysql_native_password completed succesfully
2025-12-24 23:46:09,307 - core.database - INFO - ✅ Kết nối MySQL thành công
2025-12-24 23:46:09,309 - mysql.connector - DEBUG - Starting authorization phase
2025-12-24 23:46:09,309 - mysql.connector - DEBUG - The provided initial strategy is mysql_native_password
2025-12-24 23:46:09,309 - mysql.connector - DEBUG - mysql_native_password completed succesfully
2025-12-24 23:46:09,309 - core.database - INFO - ✅ Kết nối MySQL thành công
2025-12-24 23:46:09,311 - mysql.connector - DEBUG - Starting authorization phase
2025-12-24 23:46:09,311 - mysql.connector - DEBUG - The provided initial strategy is mysql_native_password
2025-12-24 23:46:09,311 - mysql.connector - DEBUG - mysql_native_password completed succesfully
2025-12-24 23:46:09,312 - core.database - INFO - ✅ Kết nối MySQL thành công
2025-12-24 23:46:09,314 - mysql.connector - DEBUG - Starting authorization phase
2025-12-24 23:46:09,314 - mysql.connector - DEBUG - The provided initial strategy is mysql_native_password
2025-12-24 23:46:09,314 - mysql.connector - DEBUG - mysql_native_password completed succesfully
2025-12-24 23:46:09,314 - core.database - INFO - ✅ Kết nối MySQL thành công
2025-12-24 23:46:09,317 - mysql.connector - DEBUG - Starting authorization phase
2025-12-24 23:46:09,317 - mysql.connector - DEBUG - The provided initial strategy is mysql_native_password
2025-12-24 23:46:09,317 - mysql.connector - DEBUG - mysql_native_password completed succesfully
2025-12-24 23:46:09,317 - core.database - INFO - ✅ Kết nối MySQL thành công
2025-12-24 23:46:09,339 - mysql.connector - DEBUG - Starting authorization phase
2025-12-24 23:46:09,339 - mysql.connector - DEBUG - The provided initial strategy is mysql_native_password
2025-12-24 23:46:09,339 - mysql.connector - DEBUG - mysql_native_password completed succesfully
2025-12-24 23:46:09,339 - core.database - INFO - ✅ Kết nối MySQL thành công
2025-12-24 23:46:09,342 - mysql.connector - DEBUG - Starting authorization phase
2025-12-24 23:46:09,342 - mysql.connector - DEBUG - The provided initial strategy is mysql_native_password
2025-12-24 23:46:09,343 - mysql.connector - DEBUG - mysql_native_password completed succesfully
2025-12-24 23:46:09,343 - core.database - INFO - ✅ Kết nối MySQL thành công
2025-12-24 23:46:12,336 - ui.main_window - INFO - Header action clicked: khai báo lịch
Làm việc
2025-12-24 23:46:12,350 - mysql.connector - DEBUG - Starting authorization phase
2025-12-24 23:46:12,350 - mysql.connector - DEBUG - The provided initial strategy is mysql_native_password
2025-12-24 23:46:12,350 - mysql.connector - DEBUG - mysql_native_password completed succesfully
2025-12-24 23:46:12,351 - core.database - INFO - ✅ Kết nối MySQL thành công
2025-12-24 23:46:48,305 - mysql.connector - DEBUG - Starting authorization phase
2025-12-24 23:46:48,305 - mysql.connector - DEBUG - The provided initial strategy is mysql_native_password
2025-12-24 23:46:48,305 - mysql.connector - DEBUG - mysql_native_password completed succesfully
2025-12-24 23:46:48,306 - core.database - INFO - ✅ Kết nối MySQL thành công
2025-12-24 23:46:52,921 - __main__ - INFO - Khởi động ứng dụng...
2025-12-24 23:46:52,951 - ui.controllers.header_controllers - DEBUG - HeaderController đã bind signal
2025-12-24 23:46:52,952 - ui.controllers.header_controllers - INFO - Chuyển tab header: khai_bao
2025-12-24 23:46:52,952 - ui.controllers.header_controllers - DEBUG - Số nút ribbon: 7
2025-12-24 23:46:53,335 - __main__ - INFO - Ứng dụng đã sẵn sàng.
2025-12-24 23:46:57,193 - ui.controllers.header_controllers - INFO - Chuyển tab header: cham_cong
2025-12-24 23:46:57,193 - ui.controllers.header_controllers - DEBUG - Số nút ribbon: 5
2025-12-24 23:46:59,496 - ui.main_window - INFO - Header action clicked: Khai báo
Ca làm việc
2025-12-24 23:46:59,531 - mysql.connector - DEBUG - Starting authorization phase
2025-12-24 23:46:59,531 - mysql.connector - DEBUG - The provided initial strategy is mysql_native_password
2025-12-24 23:46:59,531 - mysql.connector - INFO - package: mysql.connector.plugins
2025-12-24 23:46:59,531 - mysql.connector - INFO - plugin_name: mysql_native_password
2025-12-24 23:46:59,534 - mysql.connector - INFO - AUTHENTICATION_PLUGIN_CLASS: MySQLNativePasswordAuthPlugin
2025-12-24 23:46:59,534 - mysql.connector - DEBUG - mysql_native_password completed succesfully
2025-12-24 23:46:59,534 - core.database - INFO - ✅ Kết nối MySQL thành công
2025-12-24 23:47:01,049 - ui.main_window - INFO - Header action clicked: khai báo lịch
Làm việc
2025-12-24 23:47:01,063 - mysql.connector - DEBUG - Starting authorization phase
2025-12-24 23:47:01,063 - mysql.connector - DEBUG - The provided initial strategy is mysql_native_password
2025-12-24 23:47:01,063 - mysql.connector - DEBUG - mysql_native_password completed succesfully
2025-12-24 23:47:01,064 - core.database - INFO - ✅ Kết nối MySQL thành công
2025-12-24 23:47:02,480 - ui.main_window - INFO - Header action clicked: Sắp xếp lịch
Làm việc
2025-12-24 23:47:02,524 - mysql.connector - DEBUG - Starting authorization phase
2025-12-24 23:47:02,524 - mysql.connector - DEBUG - The provided initial strategy is mysql_native_password
2025-12-24 23:47:02,524 - mysql.connector - DEBUG - mysql_native_password completed succesfully
2025-12-24 23:47:02,525 - core.database - INFO - ✅ Kết nối MySQL thành công
2025-12-24 23:47:02,525 - mysql.connector - DEBUG - Starting authorization phase
2025-12-24 23:47:02,525 - mysql.connector - DEBUG - The provided initial strategy is mysql_native_password
2025-12-24 23:47:02,527 - mysql.connector - DEBUG - mysql_native_password completed succesfully
2025-12-24 23:47:02,527 - core.database - INFO - ✅ Kết nối MySQL thành công
2025-12-24 23:47:02,530 - mysql.connector - DEBUG - Starting authorization phase
2025-12-24 23:47:02,530 - mysql.connector - DEBUG - The provided initial strategy is mysql_native_password
2025-12-24 23:47:02,530 - mysql.connector - DEBUG - mysql_native_password completed succesfully
2025-12-24 23:47:02,530 - core.database - INFO - ✅ Kết nối MySQL thành công
2025-12-24 23:47:02,531 - mysql.connector - DEBUG - Starting authorization phase
2025-12-24 23:47:02,531 - mysql.connector - DEBUG - The provided initial strategy is mysql_native_password
2025-12-24 23:47:02,531 - mysql.connector - DEBUG - mysql_native_password completed succesfully
2025-12-24 23:47:02,533 - core.database - INFO - ✅ Kết nối MySQL thành công
2025-12-24 23:47:02,536 - mysql.connector - DEBUG - Starting authorization phase
2025-12-24 23:47:02,536 - mysql.connector - DEBUG - The provided initial strategy is mysql_native_password
2025-12-24 23:47:02,536 - mysql.connector - DEBUG - mysql_native_password completed succesfully
2025-12-24 23:47:02,536 - core.database - INFO - ✅ Kết nối MySQL thành công
2025-12-24 23:47:02,558 - mysql.connector - DEBUG - Starting authorization phase
2025-12-24 23:47:02,558 - mysql.connector - DEBUG - The provided initial strategy is mysql_native_password
2025-12-24 23:47:02,558 - mysql.connector - DEBUG - mysql_native_password completed succesfully
2025-12-24 23:47:02,559 - core.database - INFO - ✅ Kết nối MySQL thành công
2025-12-24 23:47:02,562 - mysql.connector - DEBUG - Starting authorization phase
2025-12-24 23:47:02,562 - mysql.connector - DEBUG - The provided initial strategy is mysql_native_password
2025-12-24 23:47:02,562 - mysql.connector - DEBUG - mysql_native_password completed succesfully
2025-12-24 23:47:02,562 - core.database - INFO - ✅ Kết nối MySQL thành công
2025-12-24 23:47:03,480 - ui.main_window - INFO - Header action clicked: Ký hiệu
Chấm công
2025-12-24 23:47:03,497 - mysql.connector - DEBUG - Starting authorization phase
2025-12-24 23:47:03,497 - mysql.connector - DEBUG - The provided initial strategy is mysql_native_password
2025-12-24 23:47:03,497 - mysql.connector - DEBUG - mysql_native_password completed succesfully
2025-12-24 23:47:03,498 - core.database - INFO - ✅ Kết nối MySQL thành công
2025-12-24 23:47:06,482 - mysql.connector - DEBUG - Starting authorization phase
2025-12-24 23:47:06,482 - mysql.connector - DEBUG - The provided initial strategy is mysql_native_password
2025-12-24 23:47:06,482 - mysql.connector - DEBUG - mysql_native_password completed succesfully
2025-12-24 23:47:06,482 - core.database - INFO - ✅ Kết nối MySQL thành công
2025-12-24 23:50:24,414 - __main__ - INFO - Khởi động ứng dụng...
2025-12-24 23:50:24,443 - ui.controllers.header_controllers - DEBUG - HeaderController đã bind signal
2025-12-24 23:50:24,443 - ui.controllers.header_controllers - INFO - Chuyển tab header: khai_bao
2025-12-24 23:50:24,443 - ui.controllers.header_controllers - DEBUG - Số nút ribbon: 7
2025-12-24 23:50:24,824 - __main__ - INFO - Ứng dụng đã sẵn sàng.
2025-12-24 23:50:25,728 - ui.controllers.header_controllers - INFO - Chuyển tab header: cong_cu
2025-12-24 23:50:25,729 - ui.controllers.header_controllers - DEBUG - Số nút ribbon: 4
2025-12-24 23:50:26,193 - ui.main_window - INFO - Header action clicked: Cài đặt
2025-12-24 23:50:26,193 - ui.dialog.settings_dialog - INFO - Open SettingsDialog
2025-12-24 23:50:28,913 - ui.controllers.header_controllers - INFO - Chuyển tab header: cham_cong
2025-12-24 23:50:28,913 - ui.controllers.header_controllers - DEBUG - Số nút ribbon: 5
2025-12-24 23:50:29,473 - ui.main_window - INFO - Header action clicked: Khai báo
Ca làm việc
2025-12-24 23:50:29,509 - mysql.connector - DEBUG - Starting authorization phase
2025-12-24 23:50:29,509 - mysql.connector - DEBUG - The provided initial strategy is mysql_native_password
2025-12-24 23:50:29,509 - mysql.connector - INFO - package: mysql.connector.plugins
2025-12-24 23:50:29,509 - mysql.connector - INFO - plugin_name: mysql_native_password
2025-12-24 23:50:29,512 - mysql.connector - INFO - AUTHENTICATION_PLUGIN_CLASS: MySQLNativePasswordAuthPlugin
2025-12-24 23:50:29,512 - mysql.connector - DEBUG - mysql_native_password completed succesfully
2025-12-24 23:50:29,512 - core.database - INFO - ✅ Kết nối MySQL thành công
2025-12-24 23:50:30,105 - ui.controllers.header_controllers - INFO - Chuyển tab header: cong_cu
2025-12-24 23:50:30,105 - ui.controllers.header_controllers - DEBUG - Số nút ribbon: 4
2025-12-24 23:50:31,216 - ui.main_window - INFO - Header action clicked: Cài đặt
2025-12-24 23:50:31,216 - ui.dialog.settings_dialog - INFO - Open SettingsDialog
2025-12-24 23:50:34,000 - ui.dialog.arrange_schedule_settings_dialog - INFO - Open ArrangeScheduleSettingsDialog
2025-12-24 23:50:43,073 - ui.dialog.declare_work_shift_settings_dialog - INFO - Open DeclareWorkShiftSettingsDialog
2025-12-24 23:50:49,913 - ui.main_window - INFO - Header action clicked: Sao lưu
Dữ liệu
2025-12-24 23:50:49,913 - ui.controllers.backup_controllers - INFO - Mở dialog Sao lưu Dữ liệu
2025-12-24 23:50:51,632 - ui.controllers.header_controllers - INFO - Chuyển tab header: cham_cong
2025-12-24 23:50:51,632 - ui.controllers.header_controllers - DEBUG - Số nút ribbon: 5
2025-12-24 23:50:52,048 - ui.main_window - INFO - Header action clicked: khai báo lịch
Làm việc
2025-12-24 23:50:52,065 - mysql.connector - DEBUG - Starting authorization phase
2025-12-24 23:50:52,065 - mysql.connector - DEBUG - The provided initial strategy is mysql_native_password
2025-12-24 23:50:52,066 - mysql.connector - DEBUG - mysql_native_password completed succesfully
2025-12-24 23:50:52,066 - core.database - INFO - ✅ Kết nối MySQL thành công
2025-12-24 23:50:52,673 - ui.main_window - INFO - Header action clicked: Khai báo
Ca làm việc
2025-12-24 23:50:52,693 - mysql.connector - DEBUG - Starting authorization phase
2025-12-24 23:50:52,693 - mysql.connector - DEBUG - The provided initial strategy is mysql_native_password
2025-12-24 23:50:52,693 - mysql.connector - DEBUG - mysql_native_password completed succesfully
2025-12-24 23:50:52,693 - core.database - INFO - ✅ Kết nối MySQL thành công
2025-12-24 23:50:53,033 - ui.main_window - INFO - Header action clicked: khai báo lịch
Làm việc
2025-12-24 23:50:53,048 - mysql.connector - DEBUG - Starting authorization phase
2025-12-24 23:50:53,048 - mysql.connector - DEBUG - The provided initial strategy is mysql_native_password
2025-12-24 23:50:53,048 - mysql.connector - DEBUG - mysql_native_password completed succesfully
2025-12-24 23:50:53,048 - core.database - INFO - ✅ Kết nối MySQL thành công
2025-12-24 23:50:55,625 - mysql.connector - DEBUG - Starting authorization phase
2025-12-24 23:50:55,625 - mysql.connector - DEBUG - The provided initial strategy is mysql_native_password
2025-12-24 23:50:55,625 - mysql.connector - DEBUG - mysql_native_password completed succesfully
2025-12-24 23:50:55,625 - core.database - INFO - ✅ Kết nối MySQL thành công
2025-12-24 23:50:55,628 - mysql.connector - DEBUG - Starting authorization phase
2025-12-24 23:50:55,628 - mysql.connector - DEBUG - The provided initial strategy is mysql_native_password
2025-12-24 23:50:55,628 - mysql.connector - DEBUG - mysql_native_password completed succesfully
2025-12-24 23:50:55,628 - core.database - INFO - ✅ Kết nối MySQL thành công
2025-12-24 23:50:55,630 - mysql.connector - DEBUG - Starting authorization phase
2025-12-24 23:50:55,630 - mysql.connector - DEBUG - The provided initial strategy is mysql_native_password
2025-12-24 23:50:55,630 - mysql.connector - DEBUG - mysql_native_password completed succesfully
2025-12-24 23:50:55,630 - core.database - INFO - ✅ Kết nối MySQL thành công
2025-12-24 23:50:55,631 - mysql.connector - DEBUG - Starting authorization phase
2025-12-24 23:50:55,631 - mysql.connector - DEBUG - The provided initial strategy is mysql_native_password
2025-12-24 23:50:55,631 - mysql.connector - DEBUG - mysql_native_password completed succesfully
2025-12-24 23:50:55,631 - core.database - INFO - ✅ Kết nối MySQL thành công
2025-12-24 23:50:55,889 - mysql.connector - DEBUG - Starting authorization phase
2025-12-24 23:50:55,889 - mysql.connector - DEBUG - The provided initial strategy is mysql_native_password
2025-12-24 23:50:55,889 - mysql.connector - DEBUG - mysql_native_password completed succesfully
2025-12-24 23:50:55,889 - core.database - INFO - ✅ Kết nối MySQL thành công
2025-12-24 23:50:55,891 - mysql.connector - DEBUG - Starting authorization phase
2025-12-24 23:50:55,891 - mysql.connector - DEBUG - The provided initial strategy is mysql_native_password
2025-12-24 23:50:55,891 - mysql.connector - DEBUG - mysql_native_password completed succesfully
2025-12-24 23:50:55,891 - core.database - INFO - ✅ Kết nối MySQL thành công
2025-12-24 23:50:55,893 - mysql.connector - DEBUG - Starting authorization phase
2025-12-24 23:50:55,894 - mysql.connector - DEBUG - The provided initial strategy is mysql_native_password
2025-12-24 23:50:55,894 - mysql.connector - DEBUG - mysql_native_password completed succesfully
2025-12-24 23:50:55,894 - core.database - INFO - ✅ Kết nối MySQL thành công
2025-12-24 23:50:55,895 - mysql.connector - DEBUG - Starting authorization phase
2025-12-24 23:50:55,896 - mysql.connector - DEBUG - The provided initial strategy is mysql_native_password
2025-12-24 23:50:55,896 - mysql.connector - DEBUG - mysql_native_password completed succesfully
2025-12-24 23:50:55,896 - core.database - INFO - ✅ Kết nối MySQL thành công
2025-12-24 23:50:57,816 - ui.controllers.header_controllers - INFO - Chuyển tab header: cong_cu
2025-12-24 23:50:57,816 - ui.controllers.header_controllers - DEBUG - Số nút ribbon: 4
2025-12-24 23:50:58,657 - ui.main_window - INFO - Header action clicked: Cài đặt
2025-12-24 23:50:58,657 - ui.dialog.settings_dialog - INFO - Open SettingsDialog
2025-12-24 23:51:00,081 - ui.dialog.arrange_schedule_settings_dialog - INFO - Open ArrangeScheduleSettingsDialog
2025-12-24 23:51:51,361 - mysql.connector - DEBUG - Starting authorization phase
2025-12-24 23:51:51,361 - mysql.connector - DEBUG - The provided initial strategy is mysql_native_password
2025-12-24 23:51:51,362 - mysql.connector - DEBUG - mysql_native_password completed succesfully
2025-12-24 23:51:51,362 - core.database - INFO - ✅ Kết nối MySQL thành công
2025-12-24 23:51:51,364 - mysql.connector - DEBUG - Starting authorization phase
2025-12-24 23:51:51,364 - mysql.connector - DEBUG - The provided initial strategy is mysql_native_password
2025-12-24 23:51:51,364 - mysql.connector - DEBUG - mysql_native_password completed succesfully
2025-12-24 23:51:51,364 - core.database - INFO - ✅ Kết nối MySQL thành công
2025-12-24 23:51:51,366 - mysql.connector - DEBUG - Starting authorization phase
2025-12-24 23:51:51,366 - mysql.connector - DEBUG - The provided initial strategy is mysql_native_password
2025-12-24 23:51:51,366 - mysql.connector - DEBUG - mysql_native_password completed succesfully
2025-12-24 23:51:51,366 - core.database - INFO - ✅ Kết nối MySQL thành công
2025-12-24 23:51:51,368 - mysql.connector - DEBUG - Starting authorization phase
2025-12-24 23:51:51,368 - mysql.connector - DEBUG - The provided initial strategy is mysql_native_password
2025-12-24 23:51:51,368 - mysql.connector - DEBUG - mysql_native_password completed succesfully
2025-12-24 23:51:51,368 - core.database - INFO - ✅ Kết nối MySQL thành công
2025-12-24 23:51:56,154 - mysql.connector - DEBUG - Starting authorization phase
2025-12-24 23:51:56,154 - mysql.connector - DEBUG - The provided initial strategy is mysql_native_password
2025-12-24 23:51:56,154 - mysql.connector - DEBUG - mysql_native_password completed succesfully
2025-12-24 23:51:56,154 - core.database - INFO - ✅ Kết nối MySQL thành công
